TN:
SF:src/comment.ts
FN:6,(anonymous_0)
FN:12,(anonymous_1)
FN:34,(anonymous_2)
FN:46,(anonymous_3)
FN:51,(anonymous_4)
FN:55,(anonymous_5)
FN:65,(anonymous_6)
FN:69,(anonymous_7)
FN:81,(anonymous_8)
FN:90,(anonymous_9)
FN:94,(anonymous_10)
FN:98,(anonymous_11)
FN:110,(anonymous_12)
FNF:13
FNH:13
FNDA:294,(anonymous_0)
FNDA:195,(anonymous_1)
FNDA:2,(anonymous_2)
FNDA:348,(anonymous_3)
FNDA:89,(anonymous_4)
FNDA:260,(anonymous_5)
FNDA:186,(anonymous_6)
FNDA:99,(anonymous_7)
FNDA:178,(anonymous_8)
FNDA:1181,(anonymous_9)
FNDA:97,(anonymous_10)
FNDA:99,(anonymous_11)
FNDA:1272,(anonymous_12)
DA:1,6
DA:3,6
DA:7,294
DA:8,294
DA:9,294
DA:18,195
DA:19,89
DA:21,89
DA:22,1
DA:23,1
DA:24,1
DA:26,88
DA:30,195
DA:31,91
DA:33,91
DA:34,2
DA:35,1
DA:36,1
DA:38,90
DA:42,195
DA:46,6
DA:47,348
DA:48,348
DA:49,348
DA:52,89
DA:56,260
DA:57,260
DA:59,260
DA:60,260
DA:62,260
DA:66,186
DA:70,99
DA:71,99
DA:72,99
DA:74,99
DA:76,0
DA:77,0
DA:87,178
DA:91,1181
DA:95,97
DA:100,99
DA:102,99
DA:103,212
DA:104,99
DA:110,212
DA:111,1272
DA:112,424
DA:114,1272
DA:115,424
DA:116,424
DA:118,1272
DA:119,212
DA:120,1
DA:126,99
DA:127,99
LF:55
LH:53
BRDA:14,0,0,1
BRDA:15,1,0,8
BRDA:16,2,0,10
BRDA:18,3,0,89
BRDA:18,4,0,195
BRDA:18,4,1,195
BRDA:21,5,0,1
BRDA:21,5,1,88
BRDA:30,6,0,91
BRDA:30,7,0,195
BRDA:30,7,1,195
BRDA:33,8,0,1
BRDA:33,8,1,90
BRDA:59,9,0,101
BRDA:59,9,1,159
BRDA:60,10,0,148
BRDA:60,10,1,112
BRDA:66,11,0,97
BRDA:66,11,1,89
BRDA:83,12,0,95
BRDA:84,13,0,95
BRDA:85,14,0,178
BRDA:95,15,0,97
BRDA:95,15,1,0
BRDA:103,16,0,99
BRDA:111,17,0,424
BRDA:111,18,0,1272
BRDA:111,18,1,1060
BRDA:114,19,0,424
BRDA:114,20,0,1272
BRDA:114,20,1,1060
BRDA:118,21,0,212
BRDA:119,22,0,1
BRF:33
BRH:32
end_of_record
TN:
SF:src/imageCollector.ts
FN:6,(anonymous_0)
FN:8,(anonymous_1)
FN:15,(anonymous_2)
FN:19,(anonymous_3)
FN:23,(anonymous_4)
FN:27,(anonymous_5)
FN:31,(anonymous_6)
FN:35,(anonymous_7)
FNF:8
FNH:4
FNDA:5,(anonymous_0)
FNDA:93,(anonymous_1)
FNDA:0,(anonymous_2)
FNDA:5,(anonymous_3)
FNDA:0,(anonymous_4)
FNDA:0,(anonymous_5)
FNDA:0,(anonymous_6)
FNDA:83,(anonymous_7)
DA:1,6
DA:2,5
DA:3,5
DA:9,93
DA:10,5
DA:12,93
DA:16,0
DA:20,5
DA:24,0
DA:28,0
DA:32,0
DA:36,83
LF:12
LH:8
BRDA:9,0,0,5
BRF:1
BRH:1
end_of_record
TN:
SF:src/obsidianMarkdownPreprocessor.ts
FN:45,(anonymous_0)
FN:66,(anonymous_1)
FNF:2
FNH:2
FNDA:66,(anonymous_0)
FNDA:66,(anonymous_1)
DA:1,5
DA:2,5
DA:3,5
DA:4,5
DA:5,5
DA:6,5
DA:7,5
DA:8,5
DA:9,5
DA:10,5
DA:11,5
DA:14,5
DA:15,5
DA:16,5
DA:17,5
DA:18,5
DA:19,5
DA:20,5
DA:21,5
DA:22,5
DA:24,5
DA:46,66
DA:47,66
DA:48,66
DA:49,66
DA:50,66
DA:51,66
DA:52,66
DA:53,66
DA:54,66
DA:55,66
DA:56,66
DA:57,66
DA:58,66
DA:59,66
DA:60,66
DA:61,66
DA:62,66
DA:63,66
DA:64,66
DA:67,66
DA:70,66
DA:73,66
DA:74,66
DA:75,71
DA:76,71
DA:77,5
DA:79,71
DA:80,71
DA:82,71
DA:83,0
DA:84,0
DA:88,66
DA:89,66
DA:90,66
DA:91,66
DA:92,66
DA:93,66
DA:94,66
DA:95,66
DA:96,66
DA:97,66
DA:98,66
DA:99,66
DA:100,66
DA:101,66
DA:102,66
DA:103,66
DA:104,66
DA:105,66
LF:70
LH:68
BRDA:76,0,0,5
BRDA:82,1,0,0
BRF:2
BRH:1
end_of_record
TN:
SF:src/yamlStore.ts
FN:5,(anonymous_0)
FN:7,(anonymous_1)
FNF:2
FNH:2
FNDA:6,(anonymous_0)
FNDA:782,(anonymous_1)
DA:3,6
DA:8,782
DA:9,6
DA:11,782
LF:4
LH:4
BRDA:8,0,0,6
BRF:1
BRH:1
end_of_record
TN:
SF:src/processors/autoClosingProcessor.ts
FN:1,(anonymous_0)
FN:4,(anonymous_1)
FN:8,(anonymous_2)
FNF:3
FNH:3
FNDA:66,(anonymous_0)
FNDA:66,(anonymous_1)
FNDA:66,(anonymous_2)
DA:1,5
DA:2,66
DA:5,66
DA:9,66
DA:10,66
LF:5
LH:5
BRF:0
BRH:0
end_of_record
TN:
SF:src/processors/blockProcessor.ts
FN:2,(anonymous_0)
FN:6,(anonymous_1)
FNF:2
FNH:2
FNDA:66,(anonymous_0)
FNDA:66,(anonymous_1)
DA:1,5
DA:3,66
DA:7,66
DA:8,66
DA:9,66
LF:5
LH:5
BRF:0
BRH:0
end_of_record
TN:
SF:src/processors/calloutProcessor.ts
FN:1,(anonymous_0)
FN:4,(anonymous_1)
FN:35,(anonymous_2)
FN:80,(anonymous_3)
FN:124,(anonymous_4)
FN:132,(anonymous_5)
FNF:6
FNH:6
FNDA:66,(anonymous_0)
FNDA:66,(anonymous_1)
FNDA:6,(anonymous_2)
FNDA:5,(anonymous_3)
FNDA:5,(anonymous_4)
FNDA:5,(anonymous_5)
DA:1,5
DA:2,66
DA:6,66
DA:7,66
DA:9,66
DA:10,66
DA:11,66
DA:12,658
DA:14,658
DA:15,6
DA:16,6
DA:17,652
DA:18,6
DA:20,6
DA:21,96
DA:22,96
DA:24,6
DA:25,6
DA:28,658
DA:29,647
DA:32,66
DA:37,6
DA:39,6
DA:40,5
DA:42,5
DA:43,5
DA:44,5
DA:46,5
DA:47,5
DA:48,5
DA:49,5
DA:50,5
DA:51,5
DA:52,5
DA:53,5
DA:54,5
DA:55,5
DA:56,5
DA:57,5
DA:58,5
DA:60,5
DA:61,5
DA:62,5
DA:63,5
DA:64,5
DA:67,5
DA:68,5
DA:69,5
DA:72,1
DA:73,1
DA:74,1
DA:78,6
DA:81,5
DA:83,5
DA:89,0
DA:94,1
DA:98,0
DA:102,0
DA:106,1
DA:110,0
DA:114,1
DA:116,1
DA:119,1
DA:121,0
DA:125,5
DA:126,1
DA:128,4
DA:133,5
DA:135,5
DA:140,0
DA:142,0
DA:144,0
DA:148,1
DA:152,0
DA:156,0
DA:160,1
DA:164,0
DA:167,1
DA:169,0
DA:171,1
DA:174,1
DA:176,0
LF:82
LH:69
BRDA:14,0,0,6
BRDA:14,0,1,652
BRDA:14,1,0,658
BRDA:14,1,1,11
BRDA:17,2,0,6
BRDA:17,3,0,652
BRDA:17,3,1,647
BRDA:28,4,0,647
BRDA:39,5,0,5
BRDA:39,5,1,1
BRDA:83,6,0,0
BRDA:83,6,1,0
BRDA:83,6,2,0
BRDA:83,6,3,0
BRDA:83,6,4,0
BRDA:83,6,5,1
BRDA:83,6,6,1
BRDA:83,6,7,1
BRDA:83,6,8,0
BRDA:83,6,9,0
BRDA:83,6,10,0
BRDA:83,6,11,0
BRDA:83,6,12,0
BRDA:83,6,13,0
BRDA:83,6,14,1
BRDA:83,6,15,1
BRDA:83,6,16,1
BRDA:83,6,17,0
BRDA:83,6,18,0
BRDA:83,6,19,0
BRDA:83,6,20,0
BRDA:83,6,21,1
BRDA:83,6,22,1
BRDA:83,6,23,1
BRDA:83,6,24,0
BRDA:83,6,25,1
BRDA:83,6,26,0
BRDA:125,7,0,1
BRDA:125,7,1,4
BRDA:135,8,0,0
BRDA:135,8,1,0
BRDA:135,8,2,0
BRDA:135,8,3,0
BRDA:135,8,4,0
BRDA:135,8,5,1
BRDA:135,8,6,1
BRDA:135,8,7,1
BRDA:135,8,8,0
BRDA:135,8,9,0
BRDA:135,8,10,0
BRDA:135,8,11,0
BRDA:135,8,12,0
BRDA:135,8,13,0
BRDA:135,8,14,1
BRDA:135,8,15,1
BRDA:135,8,16,1
BRDA:135,8,17,0
BRDA:135,8,18,0
BRDA:135,8,19,0
BRDA:135,8,20,0
BRDA:135,8,21,1
BRDA:135,8,22,0
BRDA:135,8,23,1
BRDA:135,8,24,0
BRDA:135,8,25,1
BRDA:135,8,26,0
BRF:66
BRH:31
end_of_record
TN:
SF:src/processors/chartProcessor.ts
FN:19,(anonymous_0)
FN:33,(anonymous_1)
FN:37,(anonymous_2)
FN:168,parseLabels
FN:171,(anonymous_4)
FNF:5
FNH:3
FNDA:66,(anonymous_0)
FNDA:66,(anonymous_1)
FNDA:66,(anonymous_2)
FNDA:0,parseLabels
FNDA:0,(anonymous_4)
DA:19,5
DA:21,66
DA:22,66
DA:23,66
DA:24,66
DA:25,66
DA:26,66
DA:27,66
DA:28,66
DA:29,66
DA:31,66
DA:34,66
DA:38,66
DA:40,66
DA:41,66
DA:43,0
DA:44,0
DA:45,0
DA:48,0
DA:49,0
DA:50,0
DA:52,0
DA:53,0
DA:55,0
DA:63,0
DA:64,0
DA:65,0
DA:67,0
DA:69,0
DA:72,0
DA:73,0
DA:74,0
DA:76,0
DA:78,0
DA:79,0
DA:82,0
DA:84,0
DA:85,0
DA:86,0
DA:88,0
DA:89,0
DA:90,0
DA:92,0
DA:93,0
DA:95,0
DA:96,0
DA:99,0
DA:100,0
DA:103,0
DA:106,0
DA:107,0
DA:109,0
DA:110,0
DA:113,0
DA:114,0
DA:117,0
DA:120,0
DA:121,0
DA:123,0
DA:124,0
DA:127,0
DA:128,0
DA:131,0
DA:133,0
DA:134,0
DA:136,0
DA:137,0
DA:140,0
DA:141,0
DA:143,0
DA:144,0
DA:147,0
DA:148,0
DA:153,0
DA:156,0
DA:158,0
DA:159,0
DA:163,0
DA:169,0
DA:172,0
DA:173,0
DA:174,0
DA:176,0
DA:177,0
DA:179,0
LF:85
LH:15
BRDA:40,0,0,66
BRDA:40,0,1,0
BRDA:44,1,0,0
BRDA:52,2,0,0
BRDA:63,3,0,0
BRDA:73,4,0,0
BRDA:84,5,0,0
BRDA:88,6,0,0
BRDA:92,7,0,0
BRDA:95,8,0,0
BRDA:99,9,0,0
BRDA:106,10,0,0
BRDA:109,11,0,0
BRDA:113,12,0,0
BRDA:120,13,0,0
BRDA:123,14,0,0
BRDA:127,15,0,0
BRDA:133,16,0,0
BRDA:136,17,0,0
BRDA:140,18,0,0
BRDA:143,19,0,0
BRDA:173,20,0,0
BRDA:173,21,0,0
BRDA:173,21,1,0
BRDA:176,22,0,0
BRDA:176,23,0,0
BRDA:176,23,1,0
BRF:27
BRH:1
end_of_record
TN:
SF:src/processors/commentProcessor.ts
FN:3,(anonymous_0)
FN:8,(anonymous_1)
FN:11,(anonymous_2)
FNF:3
FNH:3
FNDA:66,(anonymous_0)
FNDA:66,(anonymous_1)
FNDA:995,(anonymous_2)
DA:1,5
DA:3,5
DA:4,66
DA:6,66
DA:9,66
DA:12,995
DA:13,71
DA:15,924
LF:8
LH:8
BRDA:12,0,0,71
BRDA:12,0,1,924
BRF:2
BRH:2
end_of_record
TN:
SF:src/processors/debugViewProcessor.ts
FN:4,(anonymous_0)
FN:10,(anonymous_1)
FN:13,(anonymous_2)
FN:25,(anonymous_3)
FNF:4
FNH:1
FNDA:66,(anonymous_0)
FNDA:0,(anonymous_1)
FNDA:0,(anonymous_2)
FNDA:0,(anonymous_3)
DA:3,5
DA:5,66
DA:7,66
DA:8,0
DA:11,0
DA:14,0
DA:15,0
DA:16,0
DA:22,66
DA:27,0
DA:28,0
DA:29,0
DA:30,0
DA:31,0
DA:32,0
DA:33,0
DA:34,0
DA:35,0
DA:36,0
DA:37,0
DA:39,0
DA:40,0
DA:41,0
DA:42,0
DA:43,0
DA:44,0
DA:45,0
DA:46,0
DA:47,0
DA:48,0
DA:50,0
LF:31
LH:4
BRDA:7,0,0,0
BRF:1
BRH:0
end_of_record
TN:
SF:src/processors/dropProcessor.ts
FN:4,(anonymous_0)
FN:10,(anonymous_1)
FN:15,(anonymous_2)
FN:18,(anonymous_3)
FN:33,(anonymous_4)
FNF:5
FNH:5
FNDA:66,(anonymous_0)
FNDA:66,(anonymous_1)
FNDA:90,(anonymous_2)
FNDA:91,(anonymous_3)
FNDA:36,(anonymous_4)
DA:1,5
DA:4,5
DA:5,66
DA:6,66
DA:8,66
DA:11,66
DA:13,66
DA:16,90
DA:19,91
DA:20,36
DA:21,36
DA:22,36
DA:24,55
DA:30,66
DA:34,36
DA:35,0
DA:36,0
DA:37,0
DA:38,0
DA:40,36
LF:20
LH:16
BRDA:19,0,0,36
BRDA:34,1,0,0
BRDA:34,1,1,36
BRF:3
BRH:2
end_of_record
TN:
SF:src/processors/excalidrawProcessor.ts
FN:9,(anonymous_0)
FN:13,(anonymous_1)
FN:16,(anonymous_2)
FN:23,(anonymous_3)
FNF:4
FNH:4
FNDA:66,(anonymous_0)
FNDA:66,(anonymous_1)
FNDA:857,(anonymous_2)
FNDA:2,(anonymous_3)
DA:1,5
DA:4,5
DA:5,66
DA:10,66
DA:14,66
DA:17,857
DA:18,855
DA:24,2
DA:25,2
DA:27,2
DA:28,0
DA:29,0
DA:31,2
LF:13
LH:11
BRDA:17,0,0,2
BRDA:27,1,0,0
BRDA:31,2,0,1
BRDA:31,2,1,1
BRDA:31,3,0,2
BRDA:31,3,1,1
BRF:6
BRH:5
end_of_record
TN:
SF:src/processors/footNoteProcessor.ts
FN:3,(anonymous_0)
FN:6,(anonymous_1)
FN:11,(anonymous_2)
FN:14,(anonymous_3)
FN:28,(anonymous_4)
FN:38,(anonymous_5)
FN:66,(anonymous_6)
FNF:7
FNH:7
FNDA:66,(anonymous_0)
FNDA:66,(anonymous_1)
FNDA:90,(anonymous_2)
FNDA:91,(anonymous_3)
FNDA:2,(anonymous_4)
FNDA:29,(anonymous_5)
FNDA:4,(anonymous_6)
DA:3,5
DA:4,66
DA:7,66
DA:9,66
DA:12,90
DA:15,91
DA:16,2
DA:17,2
DA:18,2
DA:20,89
DA:25,66
DA:29,2
DA:30,2
DA:32,2
DA:35,2
DA:36,4
DA:39,29
DA:40,8
DA:41,4
DA:42,4
DA:44,4
DA:46,4
DA:48,4
DA:49,4
DA:50,4
DA:52,4
DA:54,4
DA:57,21
DA:62,2
DA:63,2
DA:64,2
DA:66,2
DA:67,4
DA:70,2
DA:71,2
DA:73,2
DA:75,2
DA:76,0
DA:78,2
LF:39
LH:38
BRDA:15,0,0,2
BRDA:39,1,0,8
BRDA:40,2,0,4
BRDA:40,2,1,4
BRDA:41,3,0,4
BRDA:75,4,0,0
BRDA:75,4,1,2
BRF:7
BRH:6
end_of_record
TN:
SF:src/processors/formatProcessor.ts
FN:1,(anonymous_0)
FN:6,(anonymous_1)
FN:11,(anonymous_2)
FN:21,(anonymous_3)
FNF:4
FNH:4
FNDA:66,(anonymous_0)
FNDA:66,(anonymous_1)
FNDA:940,(anonymous_2)
FNDA:1,(anonymous_3)
DA:1,5
DA:2,66
DA:3,66
DA:4,66
DA:8,66
DA:10,66
DA:12,940
DA:13,0
DA:16,940
DA:17,0
DA:20,940
DA:21,1
LF:12
LH:10
BRDA:12,0,0,0
BRDA:16,1,0,0
BRDA:16,1,1,940
BRF:3
BRH:1
end_of_record
TN:
SF:src/processors/fragmentProcessor.ts
FN:10,(anonymous_0)
FN:14,(anonymous_1)
FN:18,(anonymous_2)
FN:25,(anonymous_3)
FN:32,(anonymous_4)
FN:47,(anonymous_5)
FNF:6
FNH:6
FNDA:66,(anonymous_0)
FNDA:66,(anonymous_1)
FNDA:1,(anonymous_2)
FNDA:940,(anonymous_3)
FNDA:40,(anonymous_4)
FNDA:9,(anonymous_5)
DA:1,5
DA:4,5
DA:6,66
DA:7,66
DA:8,66
DA:11,66
DA:15,66
DA:18,66
DA:23,66
DA:26,940
DA:28,25
DA:29,25
DA:32,915
DA:33,915
DA:34,4
DA:37,911
DA:38,9
DA:40,902
DA:44,66
DA:48,9
DA:50,9
DA:51,0
DA:54,9
DA:55,9
DA:56,9
DA:57,9
DA:59,9
DA:63,9
DA:64,9
DA:65,9
DA:67,9
DA:68,9
LF:32
LH:31
BRDA:26,0,0,25
BRDA:32,1,0,40
BRDA:32,1,1,20
BRDA:33,2,0,4
BRDA:37,3,0,9
BRDA:37,4,0,911
BRDA:37,4,1,905
BRDA:48,5,0,9
BRDA:48,5,1,9
BRDA:50,6,0,0
BRDA:54,7,0,9
BRDA:56,8,0,9
BRF:12
BRH:11
end_of_record
TN:
SF:src/processors/gridProcessor.ts
FN:4,(anonymous_0)
FN:9,(anonymous_1)
FN:14,(anonymous_2)
FN:17,(anonymous_3)
FN:32,(anonymous_4)
FN:55,(anonymous_5)
FN:61,(anonymous_6)
FNF:7
FNH:7
FNDA:66,(anonymous_0)
FNDA:66,(anonymous_1)
FNDA:90,(anonymous_2)
FNDA:91,(anonymous_3)
FNDA:36,(anonymous_4)
FNDA:55,(anonymous_5)
FNDA:55,(anonymous_6)
DA:2,5
DA:4,5
DA:5,66
DA:6,66
DA:7,66
DA:10,66
DA:12,66
DA:15,90
DA:18,91
DA:19,36
DA:20,36
DA:21,36
DA:23,55
DA:29,66
DA:33,36
DA:34,36
DA:37,36
DA:38,55
DA:39,0
DA:41,55
DA:43,55
DA:44,55
DA:47,36
DA:48,55
DA:49,55
DA:52,36
DA:56,55
DA:57,55
DA:58,55
DA:62,55
DA:63,55
DA:66,55
DA:67,230
DA:68,0
DA:70,230
DA:71,230
DA:74,55
LF:37
LH:35
BRDA:18,0,0,36
BRDA:38,1,0,0
BRDA:48,2,0,55
BRDA:67,3,0,0
BRF:4
BRH:2
end_of_record
TN:
SF:src/processors/iconsProcessor.ts
FN:1,(anonymous_0)
FN:4,(anonymous_1)
FN:8,(anonymous_2)
FNF:3
FNH:3
FNDA:66,(anonymous_0)
FNDA:66,(anonymous_1)
FNDA:66,(anonymous_2)
DA:1,5
DA:2,66
DA:5,66
DA:9,66
DA:10,66
LF:5
LH:5
BRF:0
BRH:0
end_of_record
TN:
SF:src/processors/imageProcessor.ts
FN:15,(anonymous_0)
FN:20,(anonymous_1)
FN:23,(anonymous_2)
FN:34,(anonymous_3)
FN:44,(anonymous_4)
FN:50,(anonymous_5)
FN:59,(anonymous_6)
FN:77,(anonymous_7)
FN:108,(anonymous_8)
FN:112,(anonymous_9)
FNF:10
FNH:9
FNDA:66,(anonymous_0)
FNDA:66,(anonymous_1)
FNDA:857,(anonymous_2)
FNDA:857,(anonymous_3)
FNDA:0,(anonymous_4)
FNDA:9,(anonymous_5)
FNDA:9,(anonymous_6)
FNDA:88,(anonymous_7)
FNDA:88,(anonymous_8)
FNDA:1,(anonymous_9)
DA:2,5
DA:3,5
DA:6,5
DA:10,66
DA:12,66
DA:13,66
DA:16,66
DA:17,66
DA:21,66
DA:25,857
DA:26,9
DA:29,848
DA:30,0
DA:32,848
DA:36,857
DA:37,88
DA:39,769
DA:45,0
DA:46,0
DA:47,0
DA:51,9
DA:53,9
DA:54,9
DA:56,9
DA:60,9
DA:62,9
DA:63,4
DA:64,1
DA:66,3
DA:68,4
DA:70,4
DA:71,1
DA:74,9
DA:79,88
DA:81,88
DA:82,0
DA:85,88
DA:87,88
DA:89,88
DA:90,5
DA:92,83
DA:93,0
DA:96,83
DA:97,1
DA:100,83
DA:101,83
DA:104,83
DA:109,88
DA:113,1
DA:114,1
DA:115,1
DA:117,0
LF:52
LH:45
BRDA:25,0,0,9
BRDA:29,1,0,0
BRDA:36,2,0,88
BRDA:36,2,1,769
BRDA:54,3,0,9
BRDA:54,3,1,0
BRDA:60,4,0,2
BRDA:60,4,1,7
BRDA:62,5,0,4
BRDA:63,6,0,1
BRDA:63,6,1,3
BRDA:70,7,0,1
BRDA:81,8,0,0
BRDA:81,9,0,88
BRDA:81,9,1,2
BRDA:82,10,0,0
BRDA:82,10,1,0
BRDA:85,11,0,88
BRDA:85,11,1,79
BRDA:89,12,0,5
BRDA:89,12,1,83
BRDA:92,13,0,0
BRDA:96,14,0,1
BRDA:109,15,0,88
BRDA:109,15,1,83
BRDA:109,15,2,83
BRDA:109,15,3,83
BRDA:109,15,4,83
BRDA:114,16,0,1
BRF:29
BRH:23
end_of_record
TN:
SF:src/processors/internalLinkProcessor.ts
FN:7,(anonymous_0)
FN:13,(anonymous_1)
FN:15,(anonymous_2)
FNF:3
FNH:3
FNDA:66,(anonymous_0)
FNDA:66,(anonymous_1)
FNDA:2,(anonymous_2)
DA:4,5
DA:8,66
DA:11,66
DA:14,66
DA:15,1
DA:16,2
DA:21,65
LF:7
LH:7
BRDA:14,0,0,1
BRDA:14,0,1,65
BRDA:17,1,0,1
BRDA:17,1,1,1
BRF:4
BRH:4
end_of_record
TN:
SF:src/processors/latexProcessor.ts
FN:1,(anonymous_0)
FN:4,(anonymous_1)
FN:13,(anonymous_2)
FN:27,(anonymous_3)
FN:36,(anonymous_4)
FN:39,(anonymous_5)
FN:48,(anonymous_6)
FN:52,(anonymous_7)
FN:65,(anonymous_8)
FNF:9
FNH:9
FNDA:66,(anonymous_0)
FNDA:66,(anonymous_1)
FNDA:132,(anonymous_2)
FNDA:66,(anonymous_3)
FNDA:66,(anonymous_4)
FNDA:940,(anonymous_5)
FNDA:66,(anonymous_6)
FNDA:3,(anonymous_7)
FNDA:3,(anonymous_8)
DA:1,5
DA:2,66
DA:5,66
DA:6,66
DA:7,66
DA:8,66
DA:9,66
DA:10,66
DA:14,132
DA:28,66
DA:37,66
DA:40,940
DA:41,1
DA:43,940
DA:49,66
DA:50,1
DA:53,3
DA:54,1
DA:56,2
DA:62,65
DA:66,3
LF:21
LH:21
BRDA:40,0,0,1
BRDA:49,1,0,1
BRDA:53,2,0,1
BRDA:53,2,1,2
BRF:4
BRH:4
end_of_record
TN:
SF:src/processors/mermaidProcessor.ts
FN:2,(anonymous_0)
FN:6,(anonymous_1)
FNF:2
FNH:2
FNDA:66,(anonymous_0)
FNDA:67,(anonymous_1)
DA:1,5
DA:3,66
DA:7,67
DA:9,67
DA:10,66
DA:12,1
DA:13,1
DA:14,0
DA:17,1
DA:18,1
DA:19,1
DA:21,1
DA:23,1
LF:13
LH:12
BRDA:9,0,0,66
BRDA:9,0,1,1
BRDA:13,1,0,0
BRF:3
BRH:2
end_of_record
TN:
SF:src/processors/multipleFileProcessor.ts
FN:9,(anonymous_0)
FN:13,(anonymous_1)
FN:16,(anonymous_2)
FN:23,(anonymous_3)
FN:42,(anonymous_4)
FNF:5
FNH:5
FNDA:132,(anonymous_0)
FNDA:77,(anonymous_1)
FNDA:714,(anonymous_2)
FNDA:11,(anonymous_3)
FNDA:11,(anonymous_4)
DA:3,5
DA:6,132
DA:7,132
DA:10,132
DA:14,77
DA:17,714
DA:18,703
DA:24,11
DA:25,11
DA:27,11
DA:28,1
DA:29,1
DA:30,1
DA:33,11
DA:35,11
DA:36,9
DA:39,2
DA:43,11
DA:44,2
DA:47,9
DA:48,9
DA:49,9
DA:51,9
LF:23
LH:23
BRDA:17,0,0,11
BRDA:27,1,0,1
BRDA:35,2,0,9
BRDA:43,3,0,2
BRDA:48,4,0,9
BRF:5
BRH:5
end_of_record
TN:
SF:src/processors/templateProcessor.ts
FN:19,(anonymous_0)
FN:24,(anonymous_1)
FN:29,(anonymous_2)
FN:32,(anonymous_3)
FN:58,(anonymous_4)
FN:76,(anonymous_5)
FNF:6
FNH:6
FNDA:66,(anonymous_0)
FNDA:71,(anonymous_1)
FNDA:96,(anonymous_2)
FNDA:97,(anonymous_3)
FNDA:4,(anonymous_4)
FNDA:4,(anonymous_5)
DA:1,5
DA:4,5
DA:6,5
DA:10,66
DA:11,66
DA:12,66
DA:14,66
DA:17,66
DA:20,66
DA:21,66
DA:25,71
DA:27,71
DA:30,96
DA:34,97
DA:35,97
DA:36,4
DA:37,4
DA:38,4
DA:40,4
DA:41,4
DA:42,4
DA:43,4
DA:45,0
DA:46,0
DA:50,93
DA:55,71
DA:59,4
DA:60,4
DA:61,4
DA:62,4
DA:63,4
DA:65,4
DA:66,4
DA:67,4
DA:68,4
DA:69,4
DA:70,4
DA:72,0
DA:78,4
DA:79,4
DA:82,4
DA:83,2
DA:84,0
DA:88,2
DA:90,2
DA:92,1
DA:93,1
DA:94,1
DA:95,1
DA:96,1
DA:97,1
DA:100,4
DA:101,1
DA:102,0
DA:104,1
DA:105,1
DA:107,4
LF:57
LH:52
BRDA:35,0,0,4
BRDA:59,1,0,4
BRDA:59,1,1,0
BRDA:62,2,0,4
BRDA:83,3,0,0
BRDA:90,4,0,1
BRDA:101,5,0,0
BRF:7
BRH:4
end_of_record
TN:
SF:src/transformers/backgroundImageTransformer.ts
FN:5,(anonymous_0)
FNF:1
FNH:1
FNDA:365,(anonymous_0)
DA:1,6
DA:4,6
DA:6,365
DA:7,365
DA:8,5
DA:9,5
LF:6
LH:6
BRDA:7,0,0,5
BRDA:8,1,0,5
BRF:2
BRH:2
end_of_record
TN:
SF:src/transformers/backgroundTransformer.ts
FN:5,(anonymous_1)
FN:37,(anonymous_2)
FNF:2
FNH:2
FNDA:365,(anonymous_1)
FNDA:35,(anonymous_2)
DA:1,6
DA:4,6
DA:6,365
DA:8,365
DA:9,35
DA:11,35
DA:12,34
DA:13,28
DA:14,28
DA:16,6
DA:17,6
DA:20,34
DA:21,34
DA:22,34
DA:23,3
DA:25,31
DA:28,1
DA:29,1
DA:30,1
DA:31,1
DA:38,35
DA:39,35
DA:41,1
LF:23
LH:23
BRDA:8,0,0,35
BRDA:11,1,0,34
BRDA:11,1,1,1
BRDA:12,2,0,28
BRDA:12,2,1,6
BRDA:22,3,0,3
BRDA:22,3,1,31
BRDA:22,4,0,34
BRDA:22,4,1,3
BRDA:30,5,0,1
BRDA:30,6,0,1
BRDA:30,6,1,1
BRF:12
BRH:12
end_of_record
TN:
SF:src/transformers/borderTransformer.ts
FN:4,(anonymous_0)
FNF:1
FNH:1
FNDA:365,(anonymous_0)
DA:3,6
DA:5,365
DA:6,365
DA:7,4
DA:8,4
DA:9,4
LF:6
LH:6
BRDA:6,0,0,4
BRF:1
BRH:1
end_of_record
TN:
SF:src/transformers/classMappingTransformer.ts
FN:6,(anonymous_0)
FN:10,(anonymous_1)
FN:13,(anonymous_2)
FNF:3
FNH:3
FNDA:349,(anonymous_0)
FNDA:365,(anonymous_1)
FNDA:2,(anonymous_2)
DA:3,6
DA:7,349
DA:11,365
DA:12,365
DA:13,1
DA:14,2
DA:15,2
DA:18,1
LF:8
LH:8
BRDA:12,0,0,1
BRDA:14,1,0,2
BRF:2
BRH:2
end_of_record
TN:
SF:src/transformers/classTransformer.ts
FN:4,(anonymous_0)
FN:10,(anonymous_1)
FN:11,(anonymous_2)
FNF:3
FNH:3
FNDA:365,(anonymous_0)
FNDA:157,(anonymous_1)
FNDA:157,(anonymous_2)
DA:3,6
DA:5,365
DA:7,365
DA:8,147
DA:10,157
DA:12,157
DA:14,147
LF:7
LH:7
BRDA:7,0,0,147
BRF:1
BRH:1
end_of_record
TN:
SF:src/transformers/fragmentTransformer.ts
FN:4,(anonymous_0)
FNF:1
FNH:1
FNDA:365,(anonymous_0)
DA:3,6
DA:5,365
DA:6,365
DA:7,3
DA:8,3
DA:9,3
LF:6
LH:6
BRDA:6,0,0,3
BRF:1
BRH:1
end_of_record
TN:
SF:src/transformers/gridTransformer.ts
FN:8,(anonymous_0)
FN:16,(anonymous_1)
FN:75,(anonymous_2)
FN:145,(anonymous_3)
FN:180,(anonymous_4)
FN:188,(anonymous_5)
FN:213,(anonymous_6)
FN:221,(anonymous_7)
FN:229,(anonymous_8)
FN:233,(anonymous_9)
FNF:10
FNH:10
FNDA:349,(anonymous_0)
FNDA:365,(anonymous_1)
FNDA:55,(anonymous_2)
FNDA:55,(anonymous_3)
FNDA:180,(anonymous_4)
FNDA:20,(anonymous_5)
FNDA:55,(anonymous_6)
FNDA:55,(anonymous_7)
FNDA:55,(anonymous_8)
FNDA:55,(anonymous_9)
DA:1,6
DA:4,6
DA:9,349
DA:10,349
DA:13,349
DA:17,365
DA:18,365
DA:19,55
DA:21,55
DA:23,55
DA:24,55
DA:25,55
DA:26,55
DA:27,55
DA:29,55
DA:30,55
DA:31,55
DA:32,55
DA:33,55
DA:34,55
DA:35,55
DA:37,55
DA:38,55
DA:39,55
DA:41,55
DA:43,55
DA:44,12
DA:47,55
DA:48,2
DA:51,55
DA:53,11
DA:54,11
DA:55,11
DA:56,11
DA:57,11
DA:58,11
DA:61,44
DA:62,44
DA:63,44
DA:64,44
DA:65,44
DA:67,55
DA:68,55
DA:70,55
DA:71,55
DA:76,55
DA:78,55
DA:80,2
DA:81,1
DA:83,1
DA:86,2
DA:87,1
DA:89,1
DA:92,2
DA:93,1
DA:95,1
DA:98,2
DA:99,1
DA:101,1
DA:104,2
DA:105,1
DA:107,1
DA:110,2
DA:111,1
DA:113,1
DA:116,2
DA:117,1
DA:119,1
DA:122,2
DA:123,1
DA:125,1
DA:129,2
DA:130,1
DA:132,1
DA:137,0
DA:141,37
DA:146,55
DA:147,55
DA:149,55
DA:150,55
DA:152,55
DA:153,55
DA:156,55
DA:157,55
DA:160,55
DA:161,20
DA:163,20
DA:164,20
DA:166,35
DA:167,35
DA:170,35
DA:171,35
DA:174,55
DA:176,0
DA:181,180
DA:182,4
DA:184,176
DA:189,20
DA:191,2
DA:193,1
DA:195,1
DA:197,2
DA:199,1
DA:201,2
DA:203,2
DA:205,5
DA:207,4
DA:209,0
DA:214,55
DA:215,5
DA:217,50
DA:222,55
DA:223,5
DA:225,50
DA:230,55
DA:234,55
LF:116
LH:113
BRDA:18,0,0,55
BRDA:19,1,0,55
BRDA:19,1,1,1
BRDA:23,2,0,55
BRDA:39,3,0,55
BRDA:39,3,1,55
BRDA:43,4,0,12
BRDA:47,5,0,2
BRDA:51,6,0,11
BRDA:51,6,1,11
BRDA:51,6,2,44
BRDA:76,7,0,55
BRDA:76,7,1,33
BRDA:78,8,0,2
BRDA:78,8,1,2
BRDA:78,8,2,2
BRDA:78,8,3,2
BRDA:78,8,4,2
BRDA:78,8,5,2
BRDA:78,8,6,2
BRDA:78,8,7,2
BRDA:78,8,8,2
BRDA:78,8,9,0
BRDA:78,8,10,0
BRDA:78,8,11,2
BRDA:78,8,12,37
BRDA:80,9,0,1
BRDA:80,9,1,1
BRDA:86,10,0,1
BRDA:86,10,1,1
BRDA:92,11,0,1
BRDA:92,11,1,1
BRDA:98,12,0,1
BRDA:98,12,1,1
BRDA:104,13,0,1
BRDA:104,13,1,1
BRDA:110,14,0,1
BRDA:110,14,1,1
BRDA:116,15,0,1
BRDA:116,15,1,1
BRDA:122,16,0,1
BRDA:122,16,1,1
BRDA:129,17,0,1
BRDA:129,17,1,1
BRDA:152,18,0,55
BRDA:156,19,0,55
BRDA:160,20,0,20
BRDA:160,20,1,35
BRDA:166,21,0,35
BRDA:170,22,0,35
BRDA:181,23,0,4
BRDA:181,23,1,176
BRDA:189,24,0,2
BRDA:189,24,1,1
BRDA:189,24,2,1
BRDA:189,24,3,2
BRDA:189,24,4,1
BRDA:189,24,5,2
BRDA:189,24,6,2
BRDA:189,24,7,5
BRDA:189,24,8,4
BRDA:189,24,9,0
BRDA:214,25,0,5
BRDA:214,25,1,50
BRDA:222,26,0,5
BRDA:222,26,1,50
BRF:66
BRH:63
end_of_record
TN:
SF:src/transformers/index.ts
FN:73,(anonymous_0)
FN:24,(anonymous_1)
FN:29,(anonymous_2)
FN:34,(anonymous_3)
FN:38,(anonymous_4)
FN:43,(anonymous_5)
FN:48,(anonymous_6)
FN:52,(anonymous_7)
FN:60,(anonymous_8)
FN:65,(anonymous_9)
FN:69,(anonymous_10)
FN:82,(anonymous_11)
FN:86,(anonymous_12)
FN:96,(anonymous_13)
FN:113,(anonymous_14)
FN:128,(anonymous_15)
FNF:16
FNH:14
FNDA:349,(anonymous_0)
FNDA:273,(anonymous_1)
FNDA:34,(anonymous_2)
FNDA:9,(anonymous_3)
FNDA:785,(anonymous_4)
FNDA:0,(anonymous_5)
FNDA:0,(anonymous_6)
FNDA:28,(anonymous_7)
FNDA:622,(anonymous_8)
FNDA:9,(anonymous_9)
FNDA:4635,(anonymous_10)
FNDA:315,(anonymous_11)
FNDA:315,(anonymous_12)
FNDA:315,(anonymous_13)
FNDA:349,(anonymous_14)
FNDA:365,(anonymous_15)
DA:1,6
DA:2,6
DA:3,6
DA:4,6
DA:5,6
DA:6,6
DA:7,6
DA:8,6
DA:9,6
DA:10,6
DA:11,6
DA:17,6
DA:25,273
DA:26,273
DA:30,34
DA:31,34
DA:35,9
DA:39,785
DA:40,785
DA:44,0
DA:45,0
DA:49,0
DA:53,28
DA:54,28
DA:55,16
DA:57,28
DA:61,622
DA:62,622
DA:66,9
DA:70,4635
DA:74,349
DA:75,349
DA:76,349
DA:78,349
DA:79,349
DA:83,315
DA:87,315
DA:89,315
DA:90,761
DA:93,315
DA:97,315
DA:99,315
DA:100,305
DA:101,260
DA:103,45
DA:106,315
DA:111,349
DA:114,349
DA:115,349
DA:116,349
DA:117,349
DA:118,349
DA:119,349
DA:120,349
DA:121,349
DA:122,349
DA:123,349
DA:124,349
DA:125,349
DA:129,365
DA:130,4380
DA:131,4380
LF:62
LH:59
BRDA:52,0,0,16
BRDA:54,1,0,16
BRDA:100,2,0,260
BRF:3
BRH:3
end_of_record
TN:
SF:src/transformers/paddingTransformer.ts
FN:4,(anonymous_0)
FNF:1
FNH:1
FNDA:365,(anonymous_0)
DA:3,6
DA:5,365
DA:6,365
DA:7,22
DA:8,22
DA:9,22
LF:6
LH:6
BRDA:6,0,0,22
BRF:1
BRH:1
end_of_record
TN:
SF:src/transformers/rotateTransformer.ts
FN:4,(anonymous_0)
FNF:1
FNH:1
FNDA:365,(anonymous_0)
DA:3,6
DA:5,365
DA:6,365
DA:7,6
DA:8,6
DA:9,6
LF:6
LH:6
BRDA:6,0,0,6
BRDA:7,1,0,1
BRDA:7,1,1,5
BRF:3
BRH:3
end_of_record
TN:
SF:src/transformers/styleMappingTransformer.ts
FN:7,(anonymous_0)
FN:12,(anonymous_1)
FNF:2
FNH:2
FNDA:698,(anonymous_0)
FNDA:730,(anonymous_1)
DA:3,6
DA:8,698
DA:9,698
DA:13,730
DA:14,730
DA:15,3
DA:16,3
LF:7
LH:7
BRDA:14,0,0,3
BRF:1
BRH:1
end_of_record
TN:
SF:src/transformers/styleTransformer.ts
FN:4,(anonymous_0)
FN:10,(anonymous_1)
FN:11,(anonymous_2)
FN:12,(anonymous_3)
FNF:4
FNH:4
FNDA:365,(anonymous_0)
FNDA:158,(anonymous_1)
FNDA:158,(anonymous_2)
FNDA:138,(anonymous_3)
DA:3,6
DA:5,365
DA:7,365
DA:8,126
DA:10,158
DA:11,158
DA:13,138
DA:14,138
DA:15,138
DA:16,138
DA:20,126
LF:11
LH:11
BRDA:7,0,0,126
BRDA:13,1,0,138
BRDA:13,2,0,138
BRDA:13,2,1,138
BRDA:15,3,0,138
BRDA:15,4,0,138
BRDA:15,4,1,138
BRDA:15,4,2,138
BRF:8
BRH:8
end_of_record
TN:
SF:test/testUtils.ts
FN:5,prepare
FN:11,parseYamlFrontMatter
FN:22,getSlideOptions
FNF:3
FNH:3
FNDA:66,prepare
FNDA:66,parseYamlFrontMatter
FNDA:84,getSlideOptions
DA:1,6
DA:2,6
DA:5,6
DA:6,66
DA:7,66
DA:8,66
DA:15,66
DA:16,66
DA:22,6
DA:23,84
LF:10
LH:10
BRDA:18,0,0,66
BRDA:18,0,1,0
BRF:2
BRH:1
end_of_record
