TN:
SF:src/comment.ts
FN:7,(anonymous_0)
FN:12,(anonymous_1)
FN:32,(anonymous_2)
FN:44,(anonymous_3)
FN:50,(anonymous_4)
FN:54,(anonymous_5)
FN:65,(anonymous_6)
FN:71,(anonymous_7)
FN:83,(anonymous_8)
FN:87,(anonymous_9)
FN:91,(anonymous_10)
FN:95,(anonymous_11)
FN:107,(anonymous_12)
FNF:13
FNH:13
FNDA:148,(anonymous_0)
FNDA:79,(anonymous_1)
FNDA:2,(anonymous_2)
FNDA:136,(anonymous_3)
FNDA:60,(anonymous_4)
FNDA:118,(anonymous_5)
FNDA:96,(anonymous_6)
FNDA:69,(anonymous_7)
FNDA:64,(anonymous_8)
FNDA:96,(anonymous_9)
FNDA:67,(anonymous_10)
FNDA:69,(anonymous_11)
FNDA:400,(anonymous_12)
DA:1,5
DA:3,5
DA:8,148
DA:9,148
DA:15,79
DA:17,35
DA:19,35
DA:20,1
DA:21,1
DA:22,1
DA:24,34
DA:28,79
DA:29,39
DA:31,39
DA:32,2
DA:33,1
DA:34,1
DA:36,38
DA:40,79
DA:44,5
DA:46,136
DA:47,136
DA:48,136
DA:51,60
DA:56,118
DA:57,118
DA:59,118
DA:60,118
DA:62,118
DA:66,96
DA:72,69
DA:73,69
DA:74,69
DA:76,69
DA:78,0
DA:79,0
DA:84,64
DA:88,96
DA:92,67
DA:97,69
DA:99,69
DA:100,80
DA:101,0
DA:107,80
DA:108,400
DA:109,160
DA:111,400
DA:112,160
DA:113,160
DA:119,69
DA:120,69
LF:51
LH:48
BRDA:12,0,0,1
BRDA:12,1,0,8
BRDA:12,2,0,12
BRDA:15,3,0,35
BRDA:15,4,0,79
BRDA:15,4,1,79
BRDA:19,5,0,1
BRDA:19,5,1,34
BRDA:28,6,0,39
BRDA:28,7,0,79
BRDA:28,7,1,79
BRDA:31,8,0,1
BRDA:31,8,1,38
BRDA:59,9,0,44
BRDA:59,9,1,74
BRDA:60,10,0,68
BRDA:60,10,1,50
BRDA:66,11,0,67
BRDA:66,11,1,29
BRDA:83,12,0,35
BRDA:83,13,0,35
BRDA:83,14,0,64
BRDA:88,15,0,96
BRDA:88,15,1,67
BRDA:92,16,0,67
BRDA:92,16,1,0
BRDA:100,17,0,0
BRDA:108,18,0,160
BRDA:108,19,0,400
BRDA:108,19,1,320
BRDA:111,20,0,160
BRDA:111,21,0,400
BRDA:111,21,1,320
BRF:33
BRH:31
end_of_record
TN:
SF:src/obsidianMarkdownPreprocessor.ts
FN:33,(anonymous_0)
FN:48,(anonymous_1)
FNF:2
FNH:2
FNDA:40,(anonymous_0)
FNDA:40,(anonymous_1)
DA:1,4
DA:2,4
DA:3,4
DA:4,4
DA:5,4
DA:6,4
DA:7,4
DA:8,4
DA:9,4
DA:10,4
DA:11,4
DA:14,4
DA:15,4
DA:17,4
DA:34,40
DA:35,40
DA:36,40
DA:37,40
DA:38,40
DA:39,40
DA:40,40
DA:41,40
DA:42,40
DA:43,40
DA:44,40
DA:45,40
DA:46,40
DA:49,40
DA:50,40
DA:51,40
DA:52,40
DA:53,40
DA:54,40
DA:55,40
DA:56,40
DA:57,40
DA:58,40
DA:59,40
DA:60,40
DA:61,40
DA:62,40
LF:41
LH:41
BRF:0
BRH:0
end_of_record
TN:
SF:src/processors/blockProcessor.ts
FN:4,(anonymous_0)
FN:8,(anonymous_1)
FNF:2
FNH:2
FNDA:40,(anonymous_0)
FNDA:40,(anonymous_1)
DA:2,4
DA:5,40
DA:10,40
DA:11,40
DA:12,40
LF:5
LH:5
BRF:0
BRH:0
end_of_record
TN:
SF:src/processors/commentProcessor.ts
FN:3,(anonymous_0)
FN:8,(anonymous_1)
FN:11,(anonymous_2)
FNF:3
FNH:3
FNDA:40,(anonymous_0)
FNDA:40,(anonymous_1)
FNDA:566,(anonymous_2)
DA:1,4
DA:3,4
DA:4,40
DA:6,40
DA:9,40
DA:12,566
DA:13,43
DA:16,523
LF:8
LH:8
BRDA:12,0,0,43
BRDA:12,0,1,523
BRF:2
BRH:2
end_of_record
TN:
SF:src/processors/dropProcessor.ts
FN:3,(anonymous_0)
FN:6,(anonymous_1)
FN:11,(anonymous_2)
FN:14,(anonymous_3)
FN:29,(anonymous_4)
FNF:5
FNH:5
FNDA:40,(anonymous_0)
FNDA:40,(anonymous_1)
FNDA:63,(anonymous_2)
FNDA:64,(anonymous_3)
FNDA:12,(anonymous_4)
DA:3,4
DA:4,40
DA:7,40
DA:9,40
DA:12,63
DA:15,64
DA:16,12
DA:17,12
DA:18,12
DA:20,52
DA:26,40
DA:30,12
LF:12
LH:12
BRDA:15,0,0,12
BRF:1
BRH:1
end_of_record
TN:
SF:src/processors/excalidrawProcessor.ts
FN:9,(anonymous_0)
FN:13,(anonymous_1)
FN:16,(anonymous_2)
FN:24,(anonymous_3)
FNF:4
FNH:4
FNDA:40,(anonymous_0)
FNDA:40,(anonymous_1)
FNDA:509,(anonymous_2)
FNDA:2,(anonymous_3)
DA:1,4
DA:4,4
DA:5,40
DA:10,40
DA:14,40
DA:17,509
DA:18,2
DA:19,507
DA:26,2
DA:27,2
DA:29,2
DA:30,0
DA:31,0
DA:33,2
LF:14
LH:12
BRDA:17,0,0,2
BRDA:29,1,0,0
BRDA:33,2,0,1
BRDA:33,2,1,1
BRDA:33,3,0,2
BRDA:33,3,1,1
BRF:6
BRH:5
end_of_record
TN:
SF:src/processors/footNoteProcessor.ts
FN:3,(anonymous_0)
FN:7,(anonymous_1)
FN:13,(anonymous_2)
FN:16,(anonymous_3)
FN:30,(anonymous_4)
FN:42,(anonymous_5)
FN:73,(anonymous_6)
FNF:7
FNH:7
FNDA:40,(anonymous_0)
FNDA:40,(anonymous_1)
FNDA:63,(anonymous_2)
FNDA:64,(anonymous_3)
FNDA:1,(anonymous_4)
FNDA:5,(anonymous_5)
FNDA:1,(anonymous_6)
DA:3,4
DA:5,40
DA:9,40
DA:11,40
DA:14,63
DA:17,64
DA:18,1
DA:19,1
DA:20,1
DA:22,63
DA:27,40
DA:32,1
DA:33,1
DA:35,1
DA:38,1
DA:40,1
DA:43,5
DA:44,2
DA:45,1
DA:46,1
DA:48,1
DA:50,1
DA:52,1
DA:53,1
DA:54,1
DA:56,1
DA:58,1
DA:62,3
DA:69,1
DA:70,1
DA:71,1
DA:73,1
DA:74,1
DA:78,1
DA:79,1
DA:81,1
LF:36
LH:36
BRDA:17,0,0,1
BRDA:43,1,0,2
BRDA:44,2,0,1
BRDA:44,2,1,1
BRDA:45,3,0,1
BRF:5
BRH:5
end_of_record
TN:
SF:src/processors/formatProcessor.ts
FN:2,(anonymous_0)
FN:8,(anonymous_1)
FN:9,(anonymous_2)
FNF:3
FNH:3
FNDA:40,(anonymous_0)
FNDA:40,(anonymous_1)
FNDA:1,(anonymous_2)
DA:2,4
DA:4,40
DA:5,40
DA:6,40
DA:9,40
DA:10,1
LF:6
LH:6
BRF:0
BRH:0
end_of_record
TN:
SF:src/processors/fragmentProcessor.ts
FN:10,(anonymous_0)
FN:14,(anonymous_1)
FN:19,(anonymous_2)
FN:22,(anonymous_3)
FN:26,(anonymous_4)
FN:44,(anonymous_5)
FNF:6
FNH:6
FNDA:40,(anonymous_0)
FNDA:40,(anonymous_1)
FNDA:63,(anonymous_2)
FNDA:64,(anonymous_3)
FNDA:512,(anonymous_4)
FNDA:8,(anonymous_5)
DA:1,4
DA:4,4
DA:7,40
DA:8,40
DA:11,40
DA:15,40
DA:17,40
DA:20,63
DA:23,64
DA:25,64
DA:27,512
DA:28,8
DA:30,504
DA:33,64
DA:34,64
DA:41,40
DA:45,8
DA:47,8
DA:48,0
DA:51,8
DA:52,8
DA:54,8
DA:55,8
DA:56,8
DA:57,8
DA:59,8
DA:61,8
DA:62,8
LF:28
LH:27
BRDA:27,0,0,8
BRDA:27,1,0,512
BRDA:27,1,1,507
BRDA:45,2,0,8
BRDA:45,2,1,8
BRDA:47,3,0,0
BRDA:54,4,0,8
BRDA:56,5,0,8
BRF:8
BRH:7
end_of_record
TN:
SF:src/processors/gridProcessor.ts
FN:4,(anonymous_0)
FN:9,(anonymous_1)
FN:14,(anonymous_2)
FN:17,(anonymous_3)
FN:32,(anonymous_4)
FN:53,(anonymous_5)
FN:59,(anonymous_6)
FNF:7
FNH:7
FNDA:40,(anonymous_0)
FNDA:40,(anonymous_1)
FNDA:63,(anonymous_2)
FNDA:64,(anonymous_3)
FNDA:12,(anonymous_4)
FNDA:30,(anonymous_5)
FNDA:30,(anonymous_6)
DA:2,4
DA:4,4
DA:6,40
DA:7,40
DA:10,40
DA:12,40
DA:15,63
DA:18,64
DA:19,12
DA:20,12
DA:21,12
DA:23,52
DA:29,40
DA:33,12
DA:34,12
DA:37,12
DA:38,30
DA:39,0
DA:41,30
DA:42,30
DA:45,12
DA:46,30
DA:47,30
DA:50,12
DA:54,30
DA:55,30
DA:56,30
DA:60,30
DA:61,30
DA:64,30
DA:65,100
DA:66,0
DA:68,100
DA:69,100
DA:72,30
LF:35
LH:33
BRDA:18,0,0,12
BRDA:38,1,0,0
BRDA:46,2,0,30
BRDA:65,3,0,0
BRF:4
BRH:2
end_of_record
TN:
SF:src/processors/imageProcessor.ts
FN:14,(anonymous_0)
FN:19,(anonymous_1)
FN:22,(anonymous_2)
FN:29,(anonymous_3)
FN:40,(anonymous_4)
FN:49,(anonymous_5)
FN:71,(anonymous_6)
FN:85,(anonymous_7)
FNF:8
FNH:8
FNDA:40,(anonymous_0)
FNDA:40,(anonymous_1)
FNDA:509,(anonymous_2)
FNDA:509,(anonymous_3)
FNDA:9,(anonymous_4)
FNDA:9,(anonymous_5)
FNDA:29,(anonymous_6)
FNDA:1,(anonymous_7)
DA:2,4
DA:5,4
DA:10,40
DA:12,40
DA:15,40
DA:16,40
DA:20,40
DA:24,509
DA:25,9
DA:27,500
DA:31,509
DA:32,29
DA:34,480
DA:41,9
DA:43,9
DA:44,9
DA:46,9
DA:51,9
DA:55,9
DA:56,4
DA:57,1
DA:59,3
DA:61,4
DA:63,4
DA:64,1
DA:67,9
DA:73,29
DA:74,29
DA:76,29
DA:77,1
DA:80,29
DA:81,29
DA:82,29
DA:86,1
DA:87,1
DA:88,1
DA:90,0
LF:37
LH:36
BRDA:24,0,0,9
BRDA:31,1,0,29
BRDA:31,1,1,480
BRDA:44,2,0,9
BRDA:44,2,1,0
BRDA:51,3,0,2
BRDA:51,3,1,7
BRDA:55,4,0,4
BRDA:56,5,0,1
BRDA:56,5,1,3
BRDA:63,6,0,1
BRDA:74,7,0,29
BRDA:74,7,1,20
BRDA:76,8,0,1
BRDA:87,9,0,1
BRF:15
BRH:14
end_of_record
TN:
SF:src/processors/internalLinkProcessor.ts
FN:8,(anonymous_0)
FN:14,(anonymous_1)
FN:16,(anonymous_2)
FNF:3
FNH:3
FNDA:40,(anonymous_0)
FNDA:40,(anonymous_1)
FNDA:2,(anonymous_2)
DA:4,4
DA:9,40
DA:12,40
DA:15,40
DA:16,1
DA:17,2
DA:20,39
LF:7
LH:7
BRDA:15,0,0,1
BRDA:15,0,1,39
BRDA:17,1,0,1
BRDA:17,1,1,1
BRF:4
BRH:4
end_of_record
TN:
SF:src/processors/latexProcessor.ts
FN:2,(anonymous_0)
FN:6,(anonymous_1)
FN:16,(anonymous_2)
FN:29,(anonymous_3)
FN:39,(anonymous_4)
FN:42,(anonymous_5)
FN:54,(anonymous_6)
FN:59,(anonymous_7)
FN:66,(anonymous_8)
FN:76,(anonymous_9)
FNF:10
FNH:10
FNDA:40,(anonymous_0)
FNDA:40,(anonymous_1)
FNDA:80,(anonymous_2)
FNDA:40,(anonymous_3)
FNDA:40,(anonymous_4)
FNDA:537,(anonymous_5)
FNDA:40,(anonymous_6)
FNDA:3,(anonymous_7)
FNDA:3,(anonymous_8)
FNDA:3,(anonymous_9)
DA:2,4
DA:4,40
DA:8,40
DA:9,40
DA:10,40
DA:11,40
DA:12,40
DA:13,40
DA:18,80
DA:31,40
DA:40,40
DA:43,537
DA:44,1
DA:45,1
DA:46,1
DA:47,1
DA:49,537
DA:56,40
DA:57,1
DA:60,3
DA:61,1
DA:63,2
DA:68,3
DA:73,39
DA:77,3
LF:25
LH:25
BRDA:43,0,0,1
BRDA:56,1,0,1
BRDA:60,2,0,1
BRDA:60,2,1,2
BRF:4
BRH:4
end_of_record
TN:
SF:src/processors/mermaidProcessor.ts
FN:4,(anonymous_0)
FN:8,(anonymous_1)
FNF:2
FNH:2
FNDA:40,(anonymous_0)
FNDA:41,(anonymous_1)
DA:2,4
DA:5,40
DA:10,41
DA:12,41
DA:13,40
DA:15,1
DA:16,1
DA:17,0
DA:20,1
DA:21,1
DA:22,1
DA:24,1
DA:26,1
LF:13
LH:12
BRDA:12,0,0,40
BRDA:12,0,1,1
BRDA:16,1,0,0
BRF:3
BRH:2
end_of_record
TN:
SF:src/processors/multipleFileProcessor.ts
FN:10,(anonymous_0)
FN:14,(anonymous_1)
FN:17,(anonymous_2)
FN:25,(anonymous_3)
FN:44,(anonymous_4)
FNF:5
FNH:5
FNDA:40,(anonymous_0)
FNDA:42,(anonymous_1)
FNDA:478,(anonymous_2)
FNDA:11,(anonymous_3)
FNDA:11,(anonymous_4)
DA:3,4
DA:7,40
DA:8,40
DA:11,40
DA:15,42
DA:18,478
DA:19,11
DA:20,467
DA:26,11
DA:27,11
DA:29,11
DA:30,1
DA:31,1
DA:32,1
DA:35,11
DA:37,11
DA:38,9
DA:41,2
DA:45,11
DA:46,2
DA:49,9
DA:50,9
DA:51,9
DA:53,9
LF:24
LH:24
BRDA:18,0,0,11
BRDA:29,1,0,1
BRDA:37,2,0,9
BRDA:45,3,0,2
BRDA:50,4,0,9
BRF:5
BRH:5
end_of_record
TN:
SF:src/transformers/backgroundTransformer.ts
FN:6,(anonymous_1)
FNF:1
FNH:1
FNDA:189,(anonymous_1)
DA:1,5
DA:4,5
DA:7,189
DA:9,189
DA:10,15
DA:12,15
DA:13,9
DA:14,9
DA:16,6
DA:17,6
DA:20,15
DA:22,15
LF:12
LH:12
BRDA:9,0,0,15
BRDA:12,1,0,9
BRDA:12,1,1,6
BRF:3
BRH:3
end_of_record
TN:
SF:src/transformers/borderTransformer.ts
FN:5,(anonymous_0)
FNF:1
FNH:1
FNDA:189,(anonymous_0)
DA:3,5
DA:6,189
DA:7,189
DA:8,4
DA:9,4
DA:10,4
LF:6
LH:6
BRDA:7,0,0,4
BRF:1
BRH:1
end_of_record
TN:
SF:src/transformers/classMappingTransformer.ts
FN:7,(anonymous_0)
FN:11,(anonymous_1)
FN:15,(anonymous_2)
FNF:3
FNH:3
FNDA:178,(anonymous_0)
FNDA:189,(anonymous_1)
FNDA:2,(anonymous_2)
DA:3,5
DA:8,178
DA:12,189
DA:13,189
DA:15,1
DA:16,2
DA:17,2
DA:20,1
LF:8
LH:8
BRDA:13,0,0,1
BRDA:16,1,0,2
BRF:2
BRH:2
end_of_record
TN:
SF:src/transformers/classTransformer.ts
FN:5,(anonymous_0)
FN:11,(anonymous_1)
FN:12,(anonymous_2)
FNF:3
FNH:3
FNDA:189,(anonymous_0)
FNDA:78,(anonymous_1)
FNDA:78,(anonymous_2)
DA:3,5
DA:6,189
DA:8,189
DA:9,68
DA:11,78
DA:13,78
DA:15,68
LF:7
LH:7
BRDA:8,0,0,68
BRF:1
BRH:1
end_of_record
TN:
SF:src/transformers/fragmentTransformer.ts
FN:5,(anonymous_0)
FNF:1
FNH:1
FNDA:189,(anonymous_0)
DA:3,5
DA:6,189
DA:7,189
DA:8,3
DA:9,3
DA:10,3
LF:6
LH:6
BRDA:7,0,0,3
BRF:1
BRH:1
end_of_record
TN:
SF:src/transformers/gridTransformer.ts
FN:3,(anonymous_0)
FN:7,(anonymous_1)
FN:52,(anonymous_2)
FN:88,(anonymous_3)
FN:96,(anonymous_4)
FN:122,(anonymous_5)
FN:130,(anonymous_6)
FN:138,(anonymous_7)
FN:142,(anonymous_8)
FNF:9
FNH:9
FNDA:178,(anonymous_0)
FNDA:189,(anonymous_1)
FNDA:30,(anonymous_2)
FNDA:90,(anonymous_3)
FNDA:15,(anonymous_4)
FNDA:30,(anonymous_5)
FNDA:30,(anonymous_6)
FNDA:30,(anonymous_7)
FNDA:30,(anonymous_8)
DA:3,5
DA:5,178
DA:8,189
DA:9,189
DA:10,30
DA:12,30
DA:14,30
DA:16,30
DA:17,30
DA:18,30
DA:19,30
DA:21,30
DA:22,30
DA:23,30
DA:24,30
DA:25,30
DA:26,30
DA:28,30
DA:30,30
DA:32,1
DA:33,1
DA:34,1
DA:35,1
DA:36,1
DA:37,1
DA:40,29
DA:41,29
DA:42,29
DA:43,29
DA:45,30
DA:47,30
DA:48,30
DA:54,30
DA:55,30
DA:57,30
DA:58,30
DA:60,30
DA:61,30
DA:64,30
DA:65,30
DA:68,30
DA:69,15
DA:71,15
DA:72,15
DA:74,15
DA:75,15
DA:78,15
DA:79,15
DA:82,30
DA:84,0
DA:89,90
DA:90,4
DA:92,86
DA:98,15
DA:100,2
DA:102,1
DA:104,1
DA:106,2
DA:108,1
DA:110,2
DA:112,1
DA:114,1
DA:116,4
DA:118,0
DA:123,30
DA:124,5
DA:126,25
DA:131,30
DA:132,5
DA:134,25
DA:139,30
DA:143,30
LF:72
LH:70
BRDA:9,0,0,30
BRDA:10,1,0,30
BRDA:10,1,1,1
BRDA:14,2,0,30
BRDA:30,3,0,1
BRDA:30,3,1,1
BRDA:30,3,2,29
BRDA:60,4,0,30
BRDA:64,5,0,30
BRDA:68,6,0,15
BRDA:68,6,1,15
BRDA:74,7,0,15
BRDA:78,8,0,15
BRDA:89,9,0,4
BRDA:89,9,1,86
BRDA:98,10,0,2
BRDA:98,10,1,1
BRDA:98,10,2,1
BRDA:98,10,3,2
BRDA:98,10,4,1
BRDA:98,10,5,2
BRDA:98,10,6,1
BRDA:98,10,7,1
BRDA:98,10,8,4
BRDA:98,10,9,0
BRDA:123,11,0,5
BRDA:123,11,1,25
BRDA:131,12,0,5
BRDA:131,12,1,25
BRF:29
BRH:28
end_of_record
TN:
SF:src/transformers/index.ts
FN:71,(anonymous_0)
FN:24,(anonymous_1)
FN:29,(anonymous_2)
FN:34,(anonymous_3)
FN:38,(anonymous_4)
FN:43,(anonymous_5)
FN:48,(anonymous_6)
FN:52,(anonymous_7)
FN:58,(anonymous_8)
FN:63,(anonymous_9)
FN:67,(anonymous_10)
FN:80,(anonymous_11)
FN:84,(anonymous_12)
FN:95,(anonymous_13)
FN:112,(anonymous_14)
FN:128,(anonymous_15)
FNF:16
FNH:14
FNDA:178,(anonymous_0)
FNDA:137,(anonymous_1)
FNDA:15,(anonymous_2)
FNDA:8,(anonymous_3)
FNDA:363,(anonymous_4)
FNDA:0,(anonymous_5)
FNDA:0,(anonymous_6)
FNDA:11,(anonymous_7)
FNDA:261,(anonymous_8)
FNDA:8,(anonymous_9)
FNDA:2139,(anonymous_10)
FNDA:148,(anonymous_11)
FNDA:148,(anonymous_12)
FNDA:148,(anonymous_13)
FNDA:178,(anonymous_14)
FNDA:189,(anonymous_15)
DA:1,5
DA:2,5
DA:3,5
DA:4,5
DA:5,5
DA:6,5
DA:7,5
DA:8,5
DA:9,5
DA:10,5
DA:17,5
DA:25,137
DA:26,137
DA:30,15
DA:31,15
DA:35,8
DA:39,363
DA:40,363
DA:44,0
DA:45,0
DA:49,0
DA:53,11
DA:54,11
DA:55,11
DA:59,261
DA:60,261
DA:64,8
DA:68,2139
DA:72,178
DA:73,178
DA:74,178
DA:76,178
DA:77,178
DA:81,148
DA:86,148
DA:88,148
DA:89,333
DA:92,148
DA:97,148
DA:99,148
DA:100,30
DA:103,148
DA:110,178
DA:113,178
DA:114,178
DA:115,178
DA:116,178
DA:117,178
DA:118,178
DA:119,178
DA:120,178
DA:121,178
DA:122,178
DA:123,178
DA:130,189
DA:131,2079
DA:132,2079
LF:57
LH:54
BRF:0
BRH:0
end_of_record
TN:
SF:src/transformers/paddingTransformer.ts
FN:5,(anonymous_0)
FNF:1
FNH:1
FNDA:189,(anonymous_0)
DA:3,5
DA:6,189
DA:7,189
DA:8,3
DA:9,3
DA:10,3
LF:6
LH:6
BRDA:7,0,0,3
BRF:1
BRH:1
end_of_record
TN:
SF:src/transformers/rotateTransformer.ts
FN:5,(anonymous_0)
FNF:1
FNH:1
FNDA:189,(anonymous_0)
DA:3,5
DA:6,189
DA:7,189
DA:8,5
DA:9,5
DA:10,5
LF:6
LH:6
BRDA:7,0,0,5
BRDA:8,1,0,1
BRDA:8,1,1,4
BRF:3
BRH:3
end_of_record
TN:
SF:src/transformers/styleMappingTransformer.ts
FN:8,(anonymous_0)
FN:13,(anonymous_1)
FNF:2
FNH:2
FNDA:356,(anonymous_0)
FNDA:378,(anonymous_1)
DA:3,5
DA:9,356
DA:10,356
DA:14,378
DA:15,378
DA:16,3
DA:17,3
LF:7
LH:7
BRDA:15,0,0,3
BRF:1
BRH:1
end_of_record
TN:
SF:src/transformers/styleTransformer.ts
FN:5,(anonymous_0)
FN:10,(anonymous_1)
FN:11,(anonymous_2)
FN:12,(anonymous_3)
FNF:4
FNH:4
FNDA:189,(anonymous_0)
FNDA:100,(anonymous_1)
FNDA:100,(anonymous_2)
FNDA:80,(anonymous_3)
DA:3,5
DA:6,189
DA:8,189
DA:9,69
DA:10,100
DA:11,100
DA:13,80
DA:14,80
DA:15,80
DA:16,80
DA:20,69
LF:11
LH:11
BRDA:8,0,0,69
BRDA:13,1,0,80
BRDA:13,2,0,80
BRDA:13,2,1,80
BRDA:15,3,0,80
BRDA:15,4,0,80
BRDA:15,4,1,80
BRDA:15,4,2,80
BRF:8
BRH:8
end_of_record
TN:
SF:test/testUtils.ts
FN:4,prepare
FN:10,parseYamlFrontMatter
FN:18,getSlideOptions
FNF:3
FNH:3
FNDA:40,prepare
FNDA:40,parseYamlFrontMatter
FNDA:40,getSlideOptions
DA:1,4
DA:2,4
DA:4,4
DA:5,40
DA:6,40
DA:7,40
DA:11,40
DA:12,40
DA:19,40
LF:9
LH:9
BRDA:14,0,0,40
BRDA:14,0,1,0
BRF:2
BRH:1
end_of_record
